<?xml version="1.0" encoding="UTF-8"?>
<testsuite xmlns:xsi="http://www.w3.org/2001/XMLSchema-instance" xsi:noNamespaceSchemaLocation="https://maven.apache.org/surefire/maven-surefire-plugin/xsd/surefire-test-report-3.0.xsd" version="3.0" name="edu.pitt.cs.RunCucumberTest" time="2.345" tests="4" errors="0" skipped="0" failures="0">
  <properties>
[...]
</properties>
  <testcase name="If I shoot a planet with 10 hitpoints, then return value of call is &quot;Wimpy planet was hit by the superlaser!&quot; and hitpoints of planet returns -90" classname="shoot interface" time="0.116">
    <system-out><![CDATA[
Scenario: If I shoot a planet with 10 hitpoints, then return value of call is "Wimpy planet was hit by the superlaser!" and hitpoints of planet returns -90 &amp#27;[90m# edu/pitt/cs/deathStar_shoot.feature:13&amp#27;[0m
  &amp#27;[32mGiven &amp#27;[0m&amp#27;[32ma Death Star&amp#27;[0m                                                                                                                                        &amp#27;[90m# edu.pitt.cs.DeathStarStepDefinitions.aDeathStar()&amp#27;[0m
  &amp#27;[32mAnd &amp#27;[0m&amp#27;[32ma Planet with &amp#27;[0m&amp#27;[32m&amp#27;[1m10&amp#27;[0m&amp#27;[32m hitpoints&amp#27;[0m                                                                                                                            &amp#27;[90m# edu.pitt.cs.DeathStarStepDefinitions.aPlanet(int)&amp#27;[0m
  &amp#27;[32mWhen &amp#27;[0m&amp#27;[32mI shoot a planet&amp#27;[0m                                                                                                                                     &amp#27;[90m# edu.pitt.cs.DeathStarStepDefinitions.shoot()&amp#27;[0m
  &amp#27;[32mThen &amp#27;[0m&amp#27;[32mcall return value is: &amp#27;[0m&amp#27;[32m&amp#27;[1m"Wimpy planet was hit by the superlaser!"&amp#27;[0m                                                                                      &amp#27;[90m# edu.pitt.cs.DeathStarStepDefinitions.shootReturn(java.lang.String)&amp#27;[0m
  &amp#27;[32mAnd &amp#27;[0m&amp#27;[32mplanet hitpoints is: &amp#27;[0m&amp#27;[32m&amp#27;[1m-90&amp#27;[0m                                                                                                                              &amp#27;[90m# edu.pitt.cs.DeathStarStepDefinitions.planetHitpoints(int)&amp#27;[0m
]]></system-out>
  </testcase>
  <testcase name="if I call incVal 0 times, then getVal returns 0" classname="incVal interface" time="0.008">
    <system-out><![CDATA[
Scenario: if I call incVal 0 times, then getVal returns 0 &amp#27;[90m# edu/pitt/cs/value_incVal.feature:12&amp#27;[0m
  &amp#27;[32mGiven &amp#27;[0m&amp#27;[32ma Value&amp#27;[0m                                           &amp#27;[90m# edu.pitt.cs.ValueStepDefinitions.aValue()&amp#27;[0m
  &amp#27;[32mThen &amp#27;[0m&amp#27;[32mthe value is: &amp#27;[0m&amp#27;[32m&amp#27;[1m0&amp#27;[0m                                    &amp#27;[90m# edu.pitt.cs.ValueStepDefinitions.getValue(int)&amp#27;[0m
]]></system-out>
  </testcase>
  <testcase name="if I call incVal 1 time, then getVal returns 1" classname="incVal interface" time="0.014">
    <system-out><![CDATA[
Scenario: if I call incVal 1 time, then getVal returns 1 &amp#27;[90m# edu/pitt/cs/value_incVal.feature:15&amp#27;[0m
  &amp#27;[32mGiven &amp#27;[0m&amp#27;[32ma Value&amp#27;[0m                                          &amp#27;[90m# edu.pitt.cs.ValueStepDefinitions.aValue()&amp#27;[0m
  &amp#27;[32mWhen &amp#27;[0m&amp#27;[32mI call incVal&amp#27;[0m                                     &amp#27;[90m# edu.pitt.cs.ValueStepDefinitions.incVal()&amp#27;[0m
  &amp#27;[32mThen &amp#27;[0m&amp#27;[32mthe value is: &amp#27;[0m&amp#27;[32m&amp#27;[1m1&amp#27;[0m                                   &amp#27;[90m# edu.pitt.cs.ValueStepDefinitions.getValue(int)&amp#27;[0m
]]></system-out>
  </testcase>
  <testcase name="if I call incVal 2 times, then getVal returns 2" classname="incVal interface" time="0.004">
    <system-out><![CDATA[
Scenario: if I call incVal 2 times, then getVal returns 2 &amp#27;[90m# edu/pitt/cs/value_incVal.feature:19&amp#27;[0m
  &amp#27;[32mGiven &amp#27;[0m&amp#27;[32ma Value&amp#27;[0m                                           &amp#27;[90m# edu.pitt.cs.ValueStepDefinitions.aValue()&amp#27;[0m
  &amp#27;[32mWhen &amp#27;[0m&amp#27;[32mI call incVal&amp#27;[0m                                      &amp#27;[90m# edu.pitt.cs.ValueStepDefinitions.incVal()&amp#27;[0m
  &amp#27;[32mAnd &amp#27;[0m&amp#27;[32mI call incVal&amp#27;[0m                                       &amp#27;[90m# edu.pitt.cs.ValueStepDefinitions.incVal()&amp#27;[0m
  &amp#27;[32mThen &amp#27;[0m&amp#27;[32mthe value is: &amp#27;[0m&amp#27;[32m&amp#27;[1m2&amp#27;[0m                                    &amp#27;[90m# edu.pitt.cs.ValueStepDefinitions.getValue(int)&amp#27;[0m
]]></system-out>
  </testcase>
</testsuite>